<?xml version="1.0" encoding="UTF-8"?>
<beans xmlns="http://www.springframework.org/schema/beans"
	xmlns:xsi="http://www.w3.org/2001/XMLSchema-instance" 
	xmlns:context="http://www.springframework.org/schema/context"
	xmlns:mvc="http://www.springframework.org/schema/mvc"
	xsi:schemaLocation="
		http://www.springframework.org/schema/beans
		http://www.springframework.org/schema/beans/spring-beans.xsd
		http://www.springframework.org/schema/context
		http://www.springframework.org/schema/context/spring-context.xsd
		http://www.springframework.org/schema/mvc
		http://www.springframework.org/schema/mvc/spring-mvc.xsd">


	<import resource="classpath:/service-layer-context.xml"/>

	
	<!-- Add support for component scanning -->
	<context:component-scan base-package="com.shopstack" />
   

	<!-- Add support for conversion, formatting and validation support -->
	<mvc:annotation-driven/>
	
	<context:property-placeholder location="classpath:email.properties" />
	
	<bean id="mailSender" class="org.springframework.mail.javamail.JavaMailSenderImpl">
	  	<property name="host" value="${smtp.host}"/>
	  	<property name="port" value="${smtp.port}"/>
	  	<property name="username" value="${smtp.user}"/>
	 	<property name="password" value="${smtp.pass}"/>
	  	<property name="javaMailProperties">
			<props>
			    <prop key="mail.transport.protocol">smtp</prop>
			    <prop key="mail.smtp.auth">true</prop>
			    <prop key="mail.smtp.starttls.enable">true</prop>
			    <prop key="mail.debug">true</prop>
			</props>
  		</property>
    </bean>


	<!-- Define Spring MVC view resolver -->
	<bean
		class="org.springframework.web.servlet.view.InternalResourceViewResolver">
		<property name="prefix" value="/WEB-INF/view/" />
		<property name="suffix" value=".jsp" />
	</bean>
	
	<!-- <mvc:resources location="/resources/" mapping ="/resources/**"></mvc:resources> -->
	

</beans>











